<?xml version="1.0" encoding="UTF-8"?>
<!-- Generated by org.testng.reporters.JUnitReportReporter -->
<testsuite skipped="0" hostname="Spunky" name="com.nilava.AutomationFramework.Tests.TC002" tests="1" failures="0" timestamp="19 Jun 2020 18:01:46 GMT" time="0.017" errors="0">
  <testcase name="m1" time="0.017" classname="com.nilava.AutomationFramework.Tests.TC002"/>
</testsuite> <!-- com.nilava.AutomationFramework.Tests.TC002 -->
