<?xml version="1.0" encoding="UTF-8"?>
<!-- Generated by org.testng.reporters.JUnitReportReporter -->
<testsuite skipped="0" hostname="Admin-PC" name="com.nilava.AutomationFramework.Tests.TC001" tests="1" failures="0" timestamp="18 Jun 2020 13:25:23 GMT" time="0.271" errors="0">
  <testcase name="loginActiTime" time="0.271" classname="com.nilava.AutomationFramework.Tests.TC001"/>
</testsuite> <!-- com.nilava.AutomationFramework.Tests.TC001 -->
