<?xml version="1.0" encoding="UTF-8"?>
<!-- Generated by org.testng.reporters.JUnitReportReporter -->
<testsuite skipped="0" hostname="Admin-PC" name="com.nilava.AutomationFramework.Tests.TC002" tests="2" failures="0" timestamp="16 Jun 2020 16:37:27 GMT" time="0.006" errors="0">
  <testcase name="pp" time="0.002" classname="com.nilava.AutomationFramework.Tests.TC002"/>
  <testcase name="cc" time="0.004" classname="com.nilava.AutomationFramework.Tests.TC002"/>
</testsuite> <!-- com.nilava.AutomationFramework.Tests.TC002 -->
