<?xml version="1.0" encoding="UTF-8"?>
<!-- Generated by org.testng.reporters.JUnitReportReporter -->
<testsuite skipped="0" hostname="Spunky" name="com.nilava.AutomationFramework.Tests.TC001" tests="1" failures="0" timestamp="19 Jun 2020 18:05:41 GMT" time="0.509" errors="0">
  <testcase name="loginActiTime" time="0.509" classname="com.nilava.AutomationFramework.Tests.TC001"/>
</testsuite> <!-- com.nilava.AutomationFramework.Tests.TC001 -->
