<?xml version="1.0" encoding="UTF-8"?>
<!-- Generated by org.testng.reporters.JUnitReportReporter -->
<testsuite skipped="0" hostname="Admin-PC" name="com.nilava.AutomationFramework.Tests.TC002" tests="1" failures="0" timestamp="17 Jun 2020 13:55:06 GMT" time="0.010" errors="0">
  <testcase name="test" time="0.010" classname="com.nilava.AutomationFramework.Tests.TC002"/>
</testsuite> <!-- com.nilava.AutomationFramework.Tests.TC002 -->
